<?xml version='1.0' encoding='UTF-8' ?>
<testsuite errors="0" failures="0" hostname="Originates-MacBook-Pro.local" name="HelloWorldTests" tests="1" time="0.0" timestamp="Thu May 30 13:45:29 -0700 2013"><testcase classname='HelloWorldTests' name='testExample' time='0.0' />
</testsuite>
